# JRE version: OpenJDK Runtime Environment (11.0.8+10) (build 11.0.8+10-b944.6842174)
# Java VM: OpenJDK 64-Bit Server VM (11.0.8+10-b944.6842174, mixed mode, tiered, compressed oops, g1 gc, windows-amd64)
Heap:
 garbage-first heap   total 110592K, used 30613K [0x0000000080000000, 0x0000000100000000)
  region size 1024K, 6 young (6144K), 6 survivors (6144K)
 Metaspace       used 28008K, capacity 28827K, committed 28976K, reserved 1083392K
  class space    used 3607K, capacity 3869K, committed 3968K, reserved 1048576K
GC Heap History (12 events):
Event: 1.931 GC heap before
{Heap before GC invocations=0 (full 0):
 garbage-first heap   total 110592K, used 19456K [0x0000000080000000, 0x0000000100000000)
  region size 1024K, 14 young (14336K), 0 survivors (0K)
 Metaspace       used 7566K, capacity 7745K, committed 7936K, reserved 1056768K
  class space    used 705K, capacity 749K, committed 768K, reserved 1048576K
}
Event: 1.936 GC heap after
{Heap after GC invocations=1 (full 0):
 garbage-first heap   total 110592K, used 7742K [0x0000000080000000, 0x0000000100000000)
  region size 1024K, 2 young (2048K), 2 survivors (2048K)
 Metaspace       used 7566K, capacity 7745K, committed 7936K, reserved 1056768K
  class space    used 705K, capacity 749K, committed 768K, reserved 1048576K
}
Event: 6.005 GC heap before
{Heap before GC invocations=1 (full 0):
 garbage-first heap   total 110592K, used 20030K [0x0000000080000000, 0x0000000100000000)
  region size 1024K, 14 young (14336K), 2 survivors (2048K)
 Metaspace       used 10848K, capacity 11146K, committed 11264K, reserved 1058816K
  class space    used 1145K, capacity 1203K, committed 1280K, reserved 1048576K
}
Event: 6.011 GC heap after
{Heap after GC invocations=2 (full 0):
 garbage-first heap   total 110592K, used 8564K [0x0000000080000000, 0x0000000100000000)
  region size 1024K, 1 young (1024K), 1 survivors (1024K)
 Metaspace       used 10848K, capacity 11146K, committed 11264K, reserved 1058816K
  class space    used 1145K, capacity 1203K, committed 1280K, reserved 1048576K
}
Event: 8.638 GC heap before
{Heap before GC invocations=2 (full 0):
 garbage-first heap   total 110592K, used 36212K [0x0000000080000000, 0x0000000100000000)
  region size 1024K, 29 young (29696K), 1 survivors (1024K)
 Metaspace       used 11076K, capacity 11426K, committed 11520K, reserved 1058816K
  class space    used 1166K, capacity 1275K, committed 1280K, reserved 1048576K
}
Event: 8.644 GC heap after
{Heap after GC invocations=3 (full 0):
 garbage-first heap   total 110592K, used 12775K [0x0000000080000000, 0x0000000100000000)
  region size 1024K, 4 young (4096K), 4 survivors (4096K)
 Metaspace       used 11076K, capacity 11426K, committed 11520K, reserved 1058816K
  class space    used 1166K, capacity 1275K, committed 1280K, reserved 1048576K
}
Event: 25.261 GC heap before
{Heap before GC invocations=3 (full 0):
 garbage-first heap   total 110592K, used 53735K [0x0000000080000000, 0x0000000100000000)
  region size 1024K, 44 young (45056K), 4 survivors (4096K)
 Metaspace       used 19090K, capacity 19602K, committed 19712K, reserved 1067008K
  class space    used 2315K, capacity 2471K, committed 2560K, reserved 1048576K
}
Event: 25.271 GC heap after
{Heap after GC invocations=4 (full 0):
 garbage-first heap   total 110592K, used 15545K [0x0000000080000000, 0x0000000100000000)
  region size 1024K, 6 young (6144K), 6 survivors (6144K)
 Metaspace       used 19090K, capacity 19602K, committed 19712K, reserved 1067008K
  class space    used 2315K, capacity 2471K, committed 2560K, reserved 1048576K
}
Event: 27.713 GC heap before
{Heap before GC invocations=4 (full 0):
 garbage-first heap   total 110592K, used 22713K [0x0000000080000000, 0x0000000100000000)
  region size 1024K, 14 young (14336K), 6 survivors (6144K)
 Metaspace       used 20643K, capacity 21077K, committed 21296K, reserved 1069056K
  class space    used 2428K, capacity 2579K, committed 2688K, reserved 1048576K
}
Event: 27.721 GC heap after
{Heap after GC invocations=5 (full 0):
 garbage-first heap   total 110592K, used 15973K [0x0000000080000000, 0x0000000100000000)
  region size 1024K, 3 young (3072K), 3 survivors (3072K)
 Metaspace       used 20643K, capacity 21077K, committed 21296K, reserved 1069056K
  class space    used 2428K, capacity 2579K, committed 2688K, reserved 1048576K
}
Event: 51.151 GC heap before
{Heap before GC invocations=6 (full 0):
 garbage-first heap   total 110592K, used 56933K [0x0000000080000000, 0x0000000100000000)
  region size 1024K, 43 young (44032K), 3 survivors (3072K)
 Metaspace       used 25773K, capacity 26430K, committed 26544K, reserved 1073152K
  class space    used 3264K, capacity 3474K, committed 3584K, reserved 1048576K
}
Event: 51.160 GC heap after
{Heap after GC invocations=7 (full 0):
 garbage-first heap   total 110592K, used 17906K [0x0000000080000000, 0x0000000100000000)
  region size 1024K, 5 young (5120K), 5 survivors (5120K)
 Metaspace       used 25773K, capacity 26430K, committed 26544K, reserved 1073152K
  class space    used 3264K, capacity 3474K, committed 3584K, reserved 1048576K
}

