# JRE version: OpenJDK Runtime Environment (11.0.8+10) (build 11.0.8+10-b944.6842174)
# Java VM: OpenJDK 64-Bit Server VM (11.0.8+10-b944.6842174, mixed mode, tiered, compressed oops, g1 gc, windows-amd64)
Heap:
 garbage-first heap   total 359424K, used 178477K [0x0000000080000000, 0x0000000100000000)
  region size 1024K, 50 young (51200K), 6 survivors (6144K)
 Metaspace       used 153511K, capacity 158468K, committed 158492K, reserved 1187840K
  class space    used 18629K, capacity 20339K, committed 20352K, reserved 1048576K
GC Heap History (20 events):
Event: 4954.098 GC heap before
{Heap before GC invocations=213 (full 0):
 garbage-first heap   total 359424K, used 158697K [0x0000000080000000, 0x0000000100000000)
  region size 1024K, 52 young (53248K), 2 survivors (2048K)
 Metaspace       used 145306K, capacity 149835K, committed 150556K, reserved 1181696K
  class space    used 17607K, capacity 19175K, committed 19328K, reserved 1048576K
}
Event: 4954.105 GC heap after
{Heap after GC invocations=214 (full 0):
 garbage-first heap   total 359424K, used 109573K [0x0000000080000000, 0x0000000100000000)
  region size 1024K, 3 young (3072K), 3 survivors (3072K)
 Metaspace       used 145306K, capacity 149835K, committed 150556K, reserved 1181696K
  class space    used 17607K, capacity 19175K, committed 19328K, reserved 1048576K
}
Event: 4961.707 GC heap before
{Heap before GC invocations=215 (full 0):
 garbage-first heap   total 359424K, used 240645K [0x0000000080000000, 0x0000000100000000)
  region size 1024K, 114 young (116736K), 3 survivors (3072K)
 Metaspace       used 145450K, capacity 149979K, committed 150556K, reserved 1181696K
  class space    used 17607K, capacity 19175K, committed 19328K, reserved 1048576K
}
Event: 4962.768 GC heap after
{Heap after GC invocations=216 (full 0):
 garbage-first heap   total 359424K, used 139846K [0x0000000080000000, 0x0000000100000000)
  region size 1024K, 15 young (15360K), 15 survivors (15360K)
 Metaspace       used 145450K, capacity 149979K, committed 150556K, reserved 1181696K
  class space    used 17607K, capacity 19175K, committed 19328K, reserved 1048576K
}
Event: 4962.790 GC heap before
{Heap before GC invocations=216 (full 0):
 garbage-first heap   total 359424K, used 141894K [0x0000000080000000, 0x0000000100000000)
  region size 1024K, 17 young (17408K), 15 survivors (15360K)
 Metaspace       used 145450K, capacity 149979K, committed 150556K, reserved 1181696K
  class space    used 17607K, capacity 19175K, committed 19328K, reserved 1048576K
}
Event: 4962.912 GC heap after
{Heap after GC invocations=217 (full 0):
 garbage-first heap   total 359424K, used 139990K [0x0000000080000000, 0x0000000100000000)
  region size 1024K, 3 young (3072K), 3 survivors (3072K)
 Metaspace       used 145450K, capacity 149979K, committed 150556K, reserved 1181696K
  class space    used 17607K, capacity 19175K, committed 19328K, reserved 1048576K
}
Event: 4963.058 GC heap before
{Heap before GC invocations=217 (full 0):
 garbage-first heap   total 359424K, used 154326K [0x0000000080000000, 0x0000000100000000)
  region size 1024K, 17 young (17408K), 3 survivors (3072K)
 Metaspace       used 145450K, capacity 149979K, committed 150556K, reserved 1181696K
  class space    used 17607K, capacity 19175K, committed 19328K, reserved 1048576K
}
Event: 4963.137 GC heap after
{Heap after GC invocations=218 (full 0):
 garbage-first heap   total 359424K, used 147456K [0x0000000080000000, 0x0000000100000000)
  region size 1024K, 3 young (3072K), 3 survivors (3072K)
 Metaspace       used 145450K, capacity 149979K, committed 150556K, reserved 1181696K
  class space    used 17607K, capacity 19175K, committed 19328K, reserved 1048576K
}
Event: 4964.120 GC heap before
{Heap before GC invocations=219 (full 0):
 garbage-first heap   total 359424K, used 195584K [0x0000000080000000, 0x0000000100000000)
  region size 1024K, 48 young (49152K), 3 survivors (3072K)
 Metaspace       used 145451K, capacity 149979K, committed 150556K, reserved 1181696K
  class space    used 17607K, capacity 19175K, committed 19328K, reserved 1048576K
}
Event: 4964.211 GC heap after
{Heap after GC invocations=220 (full 0):
 garbage-first heap   total 359424K, used 164352K [0x0000000080000000, 0x0000000100000000)
  region size 1024K, 6 young (6144K), 6 survivors (6144K)
 Metaspace       used 145451K, capacity 149979K, committed 150556K, reserved 1181696K
  class space    used 17607K, capacity 19175K, committed 19328K, reserved 1048576K
}
Event: 4964.477 GC heap before
{Heap before GC invocations=220 (full 0):
 garbage-first heap   total 359424K, used 178688K [0x0000000080000000, 0x0000000100000000)
  region size 1024K, 17 young (17408K), 6 survivors (6144K)
 Metaspace       used 145451K, capacity 149979K, committed 150556K, reserved 1181696K
  class space    used 17607K, capacity 19175K, committed 19328K, reserved 1048576K
}
Event: 4964.543 GC heap after
{Heap after GC invocations=221 (full 0):
 garbage-first heap   total 359424K, used 171648K [0x0000000080000000, 0x0000000100000000)
  region size 1024K, 3 young (3072K), 3 survivors (3072K)
 Metaspace       used 145451K, capacity 149979K, committed 150556K, reserved 1181696K
  class space    used 17607K, capacity 19175K, committed 19328K, reserved 1048576K
}
Event: 4964.573 GC heap before
{Heap before GC invocations=221 (full 0):
 garbage-first heap   total 359424K, used 187008K [0x0000000080000000, 0x0000000100000000)
  region size 1024K, 18 young (18432K), 3 survivors (3072K)
 Metaspace       used 145451K, capacity 149979K, committed 150556K, reserved 1181696K
  class space    used 17607K, capacity 19175K, committed 19328K, reserved 1048576K
}
Event: 4964.605 GC heap after
{Heap after GC invocations=222 (full 0):
 garbage-first heap   total 359424K, used 174102K [0x0000000080000000, 0x0000000100000000)
  region size 1024K, 3 young (3072K), 3 survivors (3072K)
 Metaspace       used 145451K, capacity 149979K, committed 150556K, reserved 1181696K
  class space    used 17607K, capacity 19175K, committed 19328K, reserved 1048576K
}
Event: 4999.499 GC heap before
{Heap before GC invocations=223 (full 0):
 garbage-first heap   total 359424K, used 258070K [0x0000000080000000, 0x0000000100000000)
  region size 1024K, 67 young (68608K), 3 survivors (3072K)
 Metaspace       used 146052K, capacity 150703K, committed 151068K, reserved 1181696K
  class space    used 17677K, capacity 19281K, committed 19328K, reserved 1048576K
}
Event: 4999.515 GC heap after
{Heap after GC invocations=224 (full 0):
 garbage-first heap   total 359424K, used 172530K [0x0000000080000000, 0x0000000100000000)
  region size 1024K, 5 young (5120K), 5 survivors (5120K)
 Metaspace       used 146052K, capacity 150703K, committed 151068K, reserved 1181696K
  class space    used 17677K, capacity 19281K, committed 19328K, reserved 1048576K
}
Event: 5001.399 GC heap before
{Heap before GC invocations=224 (full 0):
 garbage-first heap   total 359424K, used 184818K [0x0000000080000000, 0x0000000100000000)
  region size 1024K, 17 young (17408K), 5 survivors (5120K)
 Metaspace       used 146161K, capacity 150859K, committed 151068K, reserved 1181696K
  class space    used 17693K, capacity 19289K, committed 19328K, reserved 1048576K
}
Event: 5001.435 GC heap after
{Heap after GC invocations=225 (full 0):
 garbage-first heap   total 359424K, used 167277K [0x0000000080000000, 0x0000000100000000)
  region size 1024K, 2 young (2048K), 2 survivors (2048K)
 Metaspace       used 146161K, capacity 150859K, committed 151068K, reserved 1181696K
  class space    used 17693K, capacity 19289K, committed 19328K, reserved 1048576K
}
Event: 5021.331 GC heap before
{Heap before GC invocations=225 (full 0):
 garbage-first heap   total 359424K, used 214381K [0x0000000080000000, 0x0000000100000000)
  region size 1024K, 49 young (50176K), 2 survivors (2048K)
 Metaspace       used 148341K, capacity 153194K, committed 153500K, reserved 1183744K
  class space    used 17972K, capacity 19656K, committed 19712K, reserved 1048576K
}
Event: 5022.094 GC heap after
{Heap after GC invocations=226 (full 0):
 garbage-first heap   total 359424K, used 171309K [0x0000000080000000, 0x0000000100000000)
  region size 1024K, 6 young (6144K), 6 survivors (6144K)
 Metaspace       used 148341K, capacity 153194K, committed 153500K, reserved 1183744K
  class space    used 17972K, capacity 19656K, committed 19712K, reserved 1048576K
}

