# JRE version: OpenJDK Runtime Environment (11.0.8+10) (build 11.0.8+10-b944.6842174)
# Java VM: OpenJDK 64-Bit Server VM (11.0.8+10-b944.6842174, mixed mode, tiered, compressed oops, g1 gc, windows-amd64)
Heap:
 garbage-first heap   total 663552K, used 167168K [0x0000000080000000, 0x0000000100000000)
  region size 1024K, 5 young (5120K), 5 survivors (5120K)
 Metaspace       used 126874K, capacity 130574K, committed 130972K, reserved 1163264K
  class space    used 15670K, capacity 16954K, committed 17132K, reserved 1048576K
GC Heap History (20 events):
Event: 2600.204 GC heap after
{Heap after GC invocations=144 (full 0):
 garbage-first heap   total 192512K, used 141526K [0x0000000080000000, 0x0000000100000000)
  region size 1024K, 1 young (1024K), 1 survivors (1024K)
 Metaspace       used 126565K, capacity 130261K, committed 130716K, reserved 1163264K
  class space    used 15667K, capacity 16953K, committed 17132K, reserved 1048576K
}
Event: 2600.451 GC heap before
{Heap before GC invocations=144 (full 0):
 garbage-first heap   total 192512K, used 148694K [0x0000000080000000, 0x0000000100000000)
  region size 1024K, 10 young (10240K), 1 survivors (1024K)
 Metaspace       used 126582K, capacity 130261K, committed 130716K, reserved 1163264K
  class space    used 15667K, capacity 16953K, committed 17132K, reserved 1048576K
}
Event: 2600.467 GC heap after
{Heap after GC invocations=145 (full 0):
 garbage-first heap   total 192512K, used 143301K [0x0000000080000000, 0x0000000100000000)
  region size 1024K, 2 young (2048K), 2 survivors (2048K)
 Metaspace       used 126582K, capacity 130261K, committed 130716K, reserved 1163264K
  class space    used 15667K, capacity 16953K, committed 17132K, reserved 1048576K
}
Event: 2601.309 GC heap before
{Heap before GC invocations=146 (full 0):
 garbage-first heap   total 192512K, used 155589K [0x0000000080000000, 0x0000000100000000)
  region size 1024K, 16 young (16384K), 2 survivors (2048K)
 Metaspace       used 126594K, capacity 130323K, committed 130716K, reserved 1163264K
  class space    used 15667K, capacity 16952K, committed 17132K, reserved 1048576K
}
Event: 2601.341 GC heap after
{Heap after GC invocations=147 (full 0):
 garbage-first heap   total 234496K, used 144512K [0x0000000080000000, 0x0000000100000000)
  region size 1024K, 2 young (2048K), 2 survivors (2048K)
 Metaspace       used 126594K, capacity 130323K, committed 130716K, reserved 1163264K
  class space    used 15667K, capacity 16952K, committed 17132K, reserved 1048576K
}
Event: 2601.649 GC heap before
{Heap before GC invocations=147 (full 0):
 garbage-first heap   total 234496K, used 154752K [0x0000000080000000, 0x0000000100000000)
  region size 1024K, 11 young (11264K), 2 survivors (2048K)
 Metaspace       used 126601K, capacity 130323K, committed 130716K, reserved 1163264K
  class space    used 15667K, capacity 16952K, committed 17132K, reserved 1048576K
}
Event: 2601.688 GC heap after
{Heap after GC invocations=148 (full 0):
 garbage-first heap   total 234496K, used 145687K [0x0000000080000000, 0x0000000100000000)
  region size 1024K, 2 young (2048K), 2 survivors (2048K)
 Metaspace       used 126601K, capacity 130323K, committed 130716K, reserved 1163264K
  class space    used 15667K, capacity 16952K, committed 17132K, reserved 1048576K
}
Event: 2601.821 GC heap before
{Heap before GC invocations=148 (full 0):
 garbage-first heap   total 234496K, used 170263K [0x0000000080000000, 0x0000000100000000)
  region size 1024K, 27 young (27648K), 2 survivors (2048K)
 Metaspace       used 126613K, capacity 130325K, committed 130716K, reserved 1163264K
  class space    used 15667K, capacity 16952K, committed 17132K, reserved 1048576K
}
Event: 2601.839 GC heap after
{Heap after GC invocations=149 (full 0):
 garbage-first heap   total 234496K, used 150357K [0x0000000080000000, 0x0000000100000000)
  region size 1024K, 4 young (4096K), 4 survivors (4096K)
 Metaspace       used 126613K, capacity 130325K, committed 130716K, reserved 1163264K
  class space    used 15667K, capacity 16952K, committed 17132K, reserved 1048576K
}
Event: 2603.294 GC heap before
{Heap before GC invocations=150 (full 0):
 garbage-first heap   total 234496K, used 199509K [0x0000000080000000, 0x0000000100000000)
  region size 1024K, 32 young (32768K), 4 survivors (4096K)
 Metaspace       used 126840K, capacity 130503K, committed 130716K, reserved 1163264K
  class space    used 15669K, capacity 16954K, committed 17132K, reserved 1048576K
}
Event: 2603.309 GC heap after
{Heap after GC invocations=151 (full 0):
 garbage-first heap   total 234496K, used 162816K [0x0000000080000000, 0x0000000100000000)
  region size 1024K, 4 young (4096K), 4 survivors (4096K)
 Metaspace       used 126840K, capacity 130503K, committed 130716K, reserved 1163264K
  class space    used 15669K, capacity 16954K, committed 17132K, reserved 1048576K
}
Event: 2603.392 GC heap before
{Heap before GC invocations=151 (full 0):
 garbage-first heap   total 234496K, used 168960K [0x0000000080000000, 0x0000000100000000)
  region size 1024K, 11 young (11264K), 4 survivors (4096K)
 Metaspace       used 126840K, capacity 130503K, committed 130716K, reserved 1163264K
  class space    used 15669K, capacity 16954K, committed 17132K, reserved 1048576K
}
Event: 2603.427 GC heap after
{Heap after GC invocations=152 (full 0):
 garbage-first heap   total 331776K, used 165325K [0x0000000080000000, 0x0000000100000000)
  region size 1024K, 2 young (2048K), 2 survivors (2048K)
 Metaspace       used 126840K, capacity 130503K, committed 130716K, reserved 1163264K
  class space    used 15669K, capacity 16954K, committed 17132K, reserved 1048576K
}
Event: 2604.442 GC heap before
{Heap before GC invocations=152 (full 0):
 garbage-first heap   total 331776K, used 218573K [0x0000000080000000, 0x0000000100000000)
  region size 1024K, 55 young (56320K), 2 survivors (2048K)
 Metaspace       used 126857K, capacity 130570K, committed 130972K, reserved 1163264K
  class space    used 15670K, capacity 16954K, committed 17132K, reserved 1048576K
}
Event: 2604.530 GC heap after
{Heap after GC invocations=153 (full 0):
 garbage-first heap   total 331776K, used 194222K [0x0000000080000000, 0x0000000100000000)
  region size 1024K, 7 young (7168K), 7 survivors (7168K)
 Metaspace       used 126857K, capacity 130570K, committed 130972K, reserved 1163264K
  class space    used 15670K, capacity 16954K, committed 17132K, reserved 1048576K
}
Event: 2605.476 GC heap before
{Heap before GC invocations=154 (full 0):
 garbage-first heap   total 331776K, used 195246K [0x0000000080000000, 0x0000000100000000)
  region size 1024K, 35 young (35840K), 7 survivors (7168K)
 Metaspace       used 126868K, capacity 130572K, committed 130972K, reserved 1163264K
  class space    used 15670K, capacity 16954K, committed 17132K, reserved 1048576K
}
Event: 2605.559 GC heap after
{Heap after GC invocations=155 (full 0):
 garbage-first heap   total 331776K, used 177152K [0x0000000080000000, 0x0000000100000000)
  region size 1024K, 5 young (5120K), 5 survivors (5120K)
 Metaspace       used 126868K, capacity 130572K, committed 130972K, reserved 1163264K
  class space    used 15670K, capacity 16954K, committed 17132K, reserved 1048576K
}
Event: 2606.872 GC heap before
{Heap before GC invocations=155 (full 0):
 garbage-first heap   total 331776K, used 192512K [0x0000000080000000, 0x0000000100000000)
  region size 1024K, 16 young (16384K), 5 survivors (5120K)
 Metaspace       used 126869K, capacity 130572K, committed 130972K, reserved 1163264K
  class space    used 15670K, capacity 16954K, committed 17132K, reserved 1048576K
}
Event: 2606.905 GC heap after
{Heap after GC invocations=156 (full 0):
 garbage-first heap   total 331776K, used 164864K [0x0000000080000000, 0x0000000100000000)
  region size 1024K, 2 young (2048K), 2 survivors (2048K)
 Metaspace       used 126869K, capacity 130572K, committed 130972K, reserved 1163264K
  class space    used 15670K, capacity 16954K, committed 17132K, reserved 1048576K
}
Event: 2607.015 GC heap before
{Heap before GC invocations=156 (full 0):
 garbage-first heap   total 331776K, used 167936K [0x0000000080000000, 0x0000000100000000)
  region size 1024K, 7 young (7168K), 2 survivors (2048K)
 Metaspace       used 126874K, capacity 130574K, committed 130972K, reserved 1163264K
  class space    used 15670K, capacity 16954K, committed 17132K, reserved 1048576K
}

